<?xml version="1.0" encoding="UTF-8"?>
<!-- Generated by org.testng.reporters.JUnitXMLReporter -->
<testsuite ignored="2" hostname="DESKTOP-EO2BETF" failures="0" tests="1" name="Default test" time="33.063" errors="0" timestamp="2026-02-07T23:45:24 ICT">
  <testcase classname="Railway.CreatAccountTest" name="TC09" time="29.769"/>
  <testcase classname="Railway.CreatAccountTest" name="TC08" time="0.0">
    <ignored/>
  </testcase> <!-- TC08 -->
  <testcase classname="Railway.CreatAccountTest" name="TC07" time="0.0">
    <ignored/>
  </testcase> <!-- TC07 -->
</testsuite> <!-- Default test -->
