<?xml version="1.0" encoding="UTF-8"?>
<testng-results ignored="1" total="2" passed="1" failed="0" skipped="0">
  <reporter-output>
  </reporter-output>
  <suite started-at="2026-02-06T10:29:25 ICT" name="Default suite" finished-at="2026-02-06T10:29:33 ICT" duration-ms="7945">
    <groups>
    </groups>
    <test started-at="2026-02-06T10:29:25 ICT" name="Default test" finished-at="2026-02-06T10:29:33 ICT" duration-ms="7945">
      <class name="Railway.CreatAccountTest">
        <test-method is-config="true" signature="beforeMethod()[pri:0, instance:Railway.CreatAccountTest@1a75e76a]" started-at="2026-02-06T10:29:25 ICT" name="beforeMethod" finished-at="2026-02-06T10:29:28 ICT" duration-ms="2485" status="PASS">
          <reporter-output>
          </reporter-output>
        </test-method> <!-- beforeMethod -->
        <test-method signature="TC08()[pri:0, instance:Railway.CreatAccountTest@1a75e76a]" started-at="2026-02-06T10:29:28 ICT" name="TC08" finished-at="2026-02-06T10:29:33 ICT" duration-ms="4900" status="PASS">
          <reporter-output>
          </reporter-output>
        </test-method> <!-- TC08 -->
        <test-method is-config="true" signature="afterMethod()[pri:0, instance:Railway.CreatAccountTest@1a75e76a]" started-at="2026-02-06T10:29:33 ICT" name="afterMethod" finished-at="2026-02-06T10:29:33 ICT" duration-ms="454" status="PASS">
          <reporter-output>
          </reporter-output>
        </test-method> <!-- afterMethod -->
      </class> <!-- Railway.CreatAccountTest -->
    </test> <!-- Default test -->
  </suite> <!-- Default suite -->
</testng-results>
