<?xml version="1.0" encoding="UTF-8"?>
<testng-results ignored="2" total="3" passed="1" failed="0" skipped="0">
  <reporter-output>
  </reporter-output>
  <suite started-at="2026-02-07T23:44:51 ICT" name="Default suite" finished-at="2026-02-07T23:45:24 ICT" duration-ms="33063">
    <groups>
    </groups>
    <test started-at="2026-02-07T23:44:51 ICT" name="Default test" finished-at="2026-02-07T23:45:24 ICT" duration-ms="33063">
      <class name="Railway.CreatAccountTest">
        <test-method is-config="true" signature="beforeMethod()[pri:0, instance:Railway.CreatAccountTest@5524cca1]" started-at="2026-02-07T23:44:51 ICT" name="beforeMethod" finished-at="2026-02-07T23:44:54 ICT" duration-ms="2591" status="PASS">
          <reporter-output>
          </reporter-output>
        </test-method> <!-- beforeMethod -->
        <test-method signature="TC09()[pri:0, instance:Railway.CreatAccountTest@5524cca1]" started-at="2026-02-07T23:44:54 ICT" name="TC09" finished-at="2026-02-07T23:45:23 ICT" duration-ms="29769" status="PASS">
          <reporter-output>
          </reporter-output>
        </test-method> <!-- TC09 -->
        <test-method is-config="true" signature="afterMethod()[pri:0, instance:Railway.CreatAccountTest@5524cca1]" started-at="2026-02-07T23:45:23 ICT" name="afterMethod" finished-at="2026-02-07T23:45:24 ICT" duration-ms="601" status="PASS">
          <reporter-output>
          </reporter-output>
        </test-method> <!-- afterMethod -->
      </class> <!-- Railway.CreatAccountTest -->
    </test> <!-- Default test -->
  </suite> <!-- Default suite -->
</testng-results>
